c:\users\yytang\downloads\flac-1.3.2\src\libflac\debug\vc120.pdb
c:\users\yytang\downloads\flac-1.3.2\src\libflac\debug\vc120.idb
c:\users\yytang\downloads\flac-1.3.2\src\libflac\debug\format.obj
c:\users\yytang\downloads\flac-1.3.2\src\libflac\debug\lpc.obj
c:\users\yytang\downloads\flac-1.3.2\src\libflac\debug\lpc_intrin_sse.obj
c:\users\yytang\downloads\flac-1.3.2\src\libflac\debug\lpc_intrin_sse2.obj
c:\users\yytang\downloads\flac-1.3.2\src\libflac\debug\lpc_intrin_sse41.obj
c:\users\yytang\downloads\flac-1.3.2\src\libflac\debug\md5.obj
c:\users\yytang\downloads\flac-1.3.2\src\libflac\debug\memory.obj
c:\users\yytang\downloads\flac-1.3.2\src\libflac\debug\metadata_iterators.obj
c:\users\yytang\downloads\flac-1.3.2\src\libflac\debug\metadata_object.obj
c:\users\yytang\downloads\flac-1.3.2\src\libflac\debug\ogg_decoder_aspect.obj
c:\users\yytang\downloads\flac-1.3.2\src\libflac\debug\ogg_encoder_aspect.obj
c:\users\yytang\downloads\flac-1.3.2\src\libflac\debug\ogg_helper.obj
c:\users\yytang\downloads\flac-1.3.2\src\libflac\debug\ogg_mapping.obj
c:\users\yytang\downloads\flac-1.3.2\src\libflac\debug\stream_decoder.obj
c:\users\yytang\downloads\flac-1.3.2\src\libflac\debug\stream_encoder.obj
c:\users\yytang\downloads\flac-1.3.2\src\libflac\debug\stream_encoder_framing.obj
c:\users\yytang\downloads\flac-1.3.2\src\libflac\debug\stream_encoder_intrin_sse2.obj
c:\users\yytang\downloads\flac-1.3.2\src\libflac\debug\stream_encoder_intrin_ssse3.obj
c:\users\yytang\downloads\flac-1.3.2\src\libflac\debug\window.obj
c:\users\yytang\downloads\flac-1.3.2\src\libflac\debug\windows_unicode_filenames.obj
c:\users\yytang\downloads\flac-1.3.2\src\libflac\debug\bitmath.obj
c:\users\yytang\downloads\flac-1.3.2\src\libflac\debug\bitreader.obj
c:\users\yytang\downloads\flac-1.3.2\src\libflac\debug\bitwriter.obj
c:\users\yytang\downloads\flac-1.3.2\src\libflac\debug\cpu.obj
c:\users\yytang\downloads\flac-1.3.2\src\libflac\debug\crc.obj
c:\users\yytang\downloads\flac-1.3.2\src\libflac\debug\fixed.obj
c:\users\yytang\downloads\flac-1.3.2\src\libflac\debug\fixed_intrin_sse2.obj
c:\users\yytang\downloads\flac-1.3.2\src\libflac\debug\fixed_intrin_ssse3.obj
c:\users\yytang\downloads\flac-1.3.2\src\libflac\debug\float.obj
c:\users\yytang\downloads\flac-1.3.2\src\libflac\debug\lpc_intrin_avx2.obj
c:\users\yytang\downloads\flac-1.3.2\src\libflac\debug\stream_encoder_intrin_avx2.obj
c:\users\yytang\downloads\flac-1.3.2\src\libflac\ia32\cpu_asm.obj
c:\users\yytang\downloads\flac-1.3.2\src\libflac\ia32\fixed_asm.obj
c:\users\yytang\downloads\flac-1.3.2\src\libflac\ia32\lpc_asm.obj
c:\users\yytang\downloads\flac-1.3.2\objs\debug\lib\libflac_static.lib
c:\users\yytang\downloads\flac-1.3.2\src\libflac\debug\libflac_static.tlog\cl.command.1.tlog
c:\users\yytang\downloads\flac-1.3.2\src\libflac\debug\libflac_static.tlog\cl.read.1.tlog
c:\users\yytang\downloads\flac-1.3.2\src\libflac\debug\libflac_static.tlog\cl.write.1.tlog
c:\users\yytang\downloads\flac-1.3.2\src\libflac\debug\libflac_static.tlog\custombuild.command.1.tlog
c:\users\yytang\downloads\flac-1.3.2\src\libflac\debug\libflac_static.tlog\custombuild.read.1.tlog
c:\users\yytang\downloads\flac-1.3.2\src\libflac\debug\libflac_static.tlog\custombuild.write.1.tlog
c:\users\yytang\downloads\flac-1.3.2\src\libflac\debug\libflac_static.tlog\lib-link.read.1.tlog
c:\users\yytang\downloads\flac-1.3.2\src\libflac\debug\libflac_static.tlog\lib-link.write.1.tlog
c:\users\yytang\downloads\flac-1.3.2\src\libflac\debug\libflac_static.tlog\lib.command.1.tlog
