生成启动时间为 2017/4/20 10:32:13。
     1>项目“C:\Users\yytang\Downloads\flac-1.3.2\src\libFLAC\libFLAC_dynamic.vcxproj”在节点 4 上(Rebuild 个目标)。
     1>CustomBuild:
         Performing Custom Build Tools
         Performing Custom Build Tools
         Performing Custom Build Tools
       ClCompile:
         C:\Program Files (x86)\Microsoft Visual Studio 12.0\VC\bin\CL.exe /c /I.\include /I..\..\include /Zi /nologo /W3 /WX- /O2 /Oi /Ot /Oy /GL /D WIN32 /D NDEBUG /D _WINDOWS /D _USRDLL /D FLAC_API_EXPORTS /D FLAC__HAS_OGG /D FLAC__CPU_IA32 /D FLAC__HAS_NASM /D FLAC__HAS_X86INTRIN /D FLAC__ALIGN_MALLOC_DATA /D "PACKAGE_VERSION=\"1.3.2\"" /D FLaC__INLINE=_inline /D _WINDLL /Gm- /EHsc /MT /GS- /fp:fast /Zc:wchar_t /Zc:forScope /Fo"Release_dynamic\\" /Fd"Release_dynamic\vc120.pdb" /Gd /TC /wd4267 /wd4996 /analyze- /errorReport:prompt /D "_USE_MATH_DEFINES" bitmath.c bitreader.c bitwriter.c cpu.c crc.c fixed.c fixed_intrin_sse2.c fixed_intrin_ssse3.c float.c format.c lpc.c lpc_intrin_sse.c lpc_intrin_sse2.c lpc_intrin_sse41.c md5.c memory.c metadata_iterators.c metadata_object.c ogg_decoder_aspect.c ogg_encoder_aspect.c ogg_helper.c ogg_mapping.c stream_decoder.c stream_encoder.c stream_encoder_framing.c stream_encoder_intrin_sse2.c stream_encoder_intrin_ssse3.c window.c windows_unicode_filenames.c
         bitmath.c
         bitreader.c
         bitwriter.c
         cpu.c
         crc.c
         fixed.c
         fixed_intrin_sse2.c
         fixed_intrin_ssse3.c
         float.c
         format.c
         lpc.c
         lpc_intrin_sse.c
         lpc_intrin_sse2.c
         lpc_intrin_sse41.c
         md5.c
         memory.c
         metadata_iterators.c
     1>metadata_iterators.c(579): warning C4244: “return”: 从“const __int64”转换到“off_t”，可能丢失数据
     1>metadata_iterators.c(1117): warning C4244: “+=”: 从“const __int64”转换到“unsigned int”，可能丢失数据
     1>metadata_iterators.c(1129): warning C4244: “=”: 从“__int64”转换到“unsigned int”，可能丢失数据
     1>metadata_iterators.c(1152): warning C4244: “-=”: 从“const __int64”转换到“unsigned int”，可能丢失数据
     1>metadata_iterators.c(1647): warning C4244: “=”: 从“__int64”转换到“unsigned int”，可能丢失数据
     1>metadata_iterators.c(1652): warning C4244: “=”: 从“__int64”转换到“unsigned int”，可能丢失数据
     1>metadata_iterators.c(1666): warning C4244: “=”: 从“const __int64”转换到“unsigned int”，可能丢失数据
         metadata_object.c
     1>metadata_object.c(1127): warning C4244: “=”: 从“FLAC__uint64”转换到“unsigned int”，可能丢失数据
         ogg_decoder_aspect.c
         ogg_encoder_aspect.c
         正在编译...
         ogg_helper.c
         ogg_mapping.c
         stream_decoder.c
         stream_encoder.c
         stream_encoder_framing.c
         stream_encoder_intrin_sse2.c
         stream_encoder_intrin_ssse3.c
         window.c
         windows_unicode_filenames.c
         C:\Program Files (x86)\Microsoft Visual Studio 12.0\VC\bin\CL.exe /c /I.\include /I..\..\include /Zi /nologo /W3 /WX- /O2 /Oi /Ot /Oy /GL /D WIN32 /D NDEBUG /D _WINDOWS /D _USRDLL /D FLAC_API_EXPORTS /D FLAC__HAS_OGG /D FLAC__CPU_IA32 /D FLAC__HAS_NASM /D FLAC__HAS_X86INTRIN /D FLAC__ALIGN_MALLOC_DATA /D "PACKAGE_VERSION=\"1.3.2\"" /D FLaC__INLINE=_inline /D _WINDLL /Gm- /EHsc /MT /GS- /fp:fast /Zc:wchar_t /Zc:forScope /Fo"Release_dynamic\\" /Fd"Release_dynamic\vc120.pdb" /Gd /TC /wd4267 /wd4996 /analyze- /errorReport:prompt /arch:AVX /D "_USE_MATH_DEFINES" lpc_intrin_avx2.c stream_encoder_intrin_avx2.c
         lpc_intrin_avx2.c
         stream_encoder_intrin_avx2.c
       Link:
         C:\Program Files (x86)\Microsoft Visual Studio 12.0\VC\bin\link.exe /ERRORREPORT:PROMPT /OUT:"C:\Users\yytang\Downloads\flac-1.3.2\objs\Release\lib\libFLAC_dynamic.dll" /INCREMENTAL:NO /NOLOGO "C:\Users\yytang\Downloads\flac-1.3.2\objs\Release\lib\libogg_static.lib" kernel32.lib user32.lib gdi32.lib winspool.lib comdlg32.lib advapi32.lib shell32.lib ole32.lib oleaut32.lib uuid.lib odbc32.lib odbccp32.lib /NODEFAULTLIB:uuid.lib /MANIFEST /MANIFESTUAC:"level='asInvoker' uiAccess='false'" /manifest:embed /DEBUG /PDB:"C:\Users\yytang\Downloads\flac-1.3.2\objs\Release\lib\libFLAC_dynamic.pdb" /SUBSYSTEM:WINDOWS /OPT:REF /OPT:ICF /LTCG /TLBID:1 /DYNAMICBASE /NXCOMPAT /IMPLIB:"C:\Users\yytang\Downloads\flac-1.3.2\objs\Release\lib\libFLAC_dynamic.lib" /MACHINE:X86 /SAFESEH /DLL ia32/cpu_asm.obj
         ia32/fixed_asm.obj
         ia32/lpc_asm.obj
         Release_dynamic\bitmath.obj
         Release_dynamic\bitreader.obj
         Release_dynamic\bitwriter.obj
         Release_dynamic\cpu.obj
         Release_dynamic\crc.obj
         Release_dynamic\fixed.obj
         Release_dynamic\fixed_intrin_sse2.obj
         Release_dynamic\fixed_intrin_ssse3.obj
         Release_dynamic\float.obj
         Release_dynamic\format.obj
         Release_dynamic\lpc.obj
         Release_dynamic\lpc_intrin_avx2.obj
         Release_dynamic\lpc_intrin_sse.obj
         Release_dynamic\lpc_intrin_sse2.obj
         Release_dynamic\lpc_intrin_sse41.obj
         Release_dynamic\md5.obj
         Release_dynamic\memory.obj
         Release_dynamic\metadata_iterators.obj
         Release_dynamic\metadata_object.obj
         Release_dynamic\ogg_decoder_aspect.obj
         Release_dynamic\ogg_encoder_aspect.obj
         Release_dynamic\ogg_helper.obj
         Release_dynamic\ogg_mapping.obj
         Release_dynamic\stream_decoder.obj
         Release_dynamic\stream_encoder.obj
         Release_dynamic\stream_encoder_framing.obj
         Release_dynamic\stream_encoder_intrin_avx2.obj
         Release_dynamic\stream_encoder_intrin_sse2.obj
         Release_dynamic\stream_encoder_intrin_ssse3.obj
         Release_dynamic\window.obj
         Release_dynamic\windows_unicode_filenames.obj
     1>LINK : fatal error LNK1181: 无法打开输入文件“C:\Users\yytang\Downloads\flac-1.3.2\objs\Release\lib\libogg_static.lib”
     1>已完成生成项目“C:\Users\yytang\Downloads\flac-1.3.2\src\libFLAC\libFLAC_dynamic.vcxproj”(Rebuild 个目标)的操作 - 失败。

生成失败。

已用时间 00:00:07.27
