生成启动时间为 2017/4/19 11:43:53。
     1>项目“C:\Users\yytang\Downloads\flac-1.3.2\src\metaflac\metaflac.vcxproj”在节点 5 上(Rebuild 个目标)。
     1>ClCompile:
         C:\Program Files (x86)\Microsoft Visual Studio 12.0\VC\bin\CL.exe /c /I. /I..\..\include /Zi /nologo /W3 /WX- /Od /Oy- /D WIN32 /D _DEBUG /D _CONSOLE /D FLAC__HAS_OGG /D FLAC__NO_DLL /D DEBUG /Gm /EHsc /RTC1 /MTd /GS /fp:precise /Zc:wchar_t /Zc:forScope /Fo"Debug\\" /Fd"Debug\vc120.pdb" /Gd /TC /wd4267 /wd4996 /analyze- /errorReport:prompt main.c operations.c operations_shorthand_cuesheet.c operations_shorthand_picture.c operations_shorthand_seektable.c operations_shorthand_streaminfo.c operations_shorthand_vorbiscomment.c options.c usage.c utils.c
         utils.c
         usage.c
         options.c
         operations_shorthand_vorbiscomment.c
     1>operations_shorthand_vorbiscomment.c(206): warning C4244: “函数”: 从“const __int64”转换到“size_t”，可能丢失数据
     1>operations_shorthand_vorbiscomment.c(209): warning C4244: “函数”: 从“const __int64”转换到“size_t”，可能丢失数据
         operations_shorthand_streaminfo.c
         operations_shorthand_seektable.c
         operations_shorthand_picture.c
         operations_shorthand_cuesheet.c
         operations.c
         main.c
         正在生成代码...
       Link:
         C:\Program Files (x86)\Microsoft Visual Studio 12.0\VC\bin\link.exe /ERRORREPORT:PROMPT /OUT:"C:\Users\yytang\Downloads\flac-1.3.2\objs\Debug\bin\metaflac.exe" /INCREMENTAL /NOLOGO "C:\Users\yytang\Downloads\flac-1.3.2\objs\Debug\lib\libogg_static.lib" kernel32.lib user32.lib gdi32.lib winspool.lib comdlg32.lib advapi32.lib shell32.lib ole32.lib oleaut32.lib uuid.lib odbc32.lib odbccp32.lib /NODEFAULTLIB:uuid.lib /MANIFEST /MANIFESTUAC:"level='asInvoker' uiAccess='false'" /manifest:embed /DEBUG /PDB:"C:\Users\yytang\Downloads\flac-1.3.2\objs\Debug\bin\metaflac.pdb" /SUBSYSTEM:CONSOLE /TLBID:1 /DYNAMICBASE /NXCOMPAT /IMPLIB:"C:\Users\yytang\Downloads\flac-1.3.2\objs\Debug\bin\metaflac.lib" /MACHINE:X86 /SAFESEH Debug\main.obj
         Debug\operations.obj
         Debug\operations_shorthand_cuesheet.obj
         Debug\operations_shorthand_picture.obj
         Debug\operations_shorthand_seektable.obj
         Debug\operations_shorthand_streaminfo.obj
         Debug\operations_shorthand_vorbiscomment.obj
         Debug\options.obj
         Debug\usage.obj
         Debug\utils.obj
         "C:\Users\yytang\Downloads\flac-1.3.2\objs\Debug\lib\libFLAC_static.lib"
         "C:\Users\yytang\Downloads\flac-1.3.2\objs\Debug\lib\getopt_static.lib"
         "C:\Users\yytang\Downloads\flac-1.3.2\objs\Debug\lib\replaygain_analysis_static.lib"
         "C:\Users\yytang\Downloads\flac-1.3.2\objs\Debug\lib\grabbag_static.lib"
         "C:\Users\yytang\Downloads\flac-1.3.2\objs\Debug\lib\utf8_static.lib"
         "C:\Users\yytang\Downloads\flac-1.3.2\objs\Debug\lib\win_utf8_io_static.lib"
     1>LINK : fatal error LNK1104: 无法打开文件“C:\Users\yytang\Downloads\flac-1.3.2\objs\Debug\lib\libFLAC_static.lib”
     1>已完成生成项目“C:\Users\yytang\Downloads\flac-1.3.2\src\metaflac\metaflac.vcxproj”(Rebuild 个目标)的操作 - 失败。

生成失败。

已用时间 00:00:03.51
