生成启动时间为 2017/6/8 8:58:08。
     1>项目“C:\Users\yytang\Downloads\flac-1.3.2\src\flac\flac.vcxproj”在节点 2 上(Build 个目标)。
     1>ClCompile:
         C:\Program Files (x86)\Microsoft Visual Studio 12.0\VC\bin\CL.exe /c /I. /I..\..\include /Zi /nologo /W3 /WX- /Od /Oy- /D WIN32 /D _DEBUG /D _CONSOLE /D FLAC__HAS_OGG /D FLAC__NO_DLL /D DEBUG /Gm /EHsc /RTC1 /MTd /GS /fp:precise /Zc:wchar_t /Zc:forScope /Fo"Debug\\" /Fd"Debug\vc120.pdb" /Gd /TC /wd4267 /wd4996 /analyze- /errorReport:prompt analyze.c
         analyze.c
       Link:
         C:\Program Files (x86)\Microsoft Visual Studio 12.0\VC\bin\link.exe /ERRORREPORT:PROMPT /OUT:"C:\Users\yytang\Downloads\flac-1.3.2\objs\Debug\bin\flac.exe" /INCREMENTAL /NOLOGO "C:\Users\yytang\Downloads\flac-1.3.2\objs\Debug\lib\libogg_static.lib" kernel32.lib user32.lib gdi32.lib winspool.lib comdlg32.lib advapi32.lib shell32.lib ole32.lib oleaut32.lib uuid.lib odbc32.lib odbccp32.lib /NODEFAULTLIB:uuid.lib /MANIFEST /MANIFESTUAC:"level='asInvoker' uiAccess='false'" /manifest:embed /DEBUG /PDB:"C:\Users\yytang\Downloads\flac-1.3.2\objs\Debug\bin\flac.pdb" /SUBSYSTEM:CONSOLE /TLBID:1 /DYNAMICBASE /NXCOMPAT /IMPLIB:"C:\Users\yytang\Downloads\flac-1.3.2\objs\Debug\bin\flac.lib" /MACHINE:X86 /SAFESEH Debug\analyze.obj
         Debug\decode.obj
         Debug\encode.obj
         Debug\foreign_metadata.obj
         Debug\local_string_utils.obj
         Debug\main.obj
         Debug\utils.obj
         Debug\vorbiscomment.obj
         "C:\Users\yytang\Downloads\flac-1.3.2\objs\Debug\lib\libFLAC_static.lib"
         "C:\Users\yytang\Downloads\flac-1.3.2\objs\Debug\lib\getopt_static.lib"
         "C:\Users\yytang\Downloads\flac-1.3.2\objs\Debug\lib\replaygain_analysis_static.lib"
         "C:\Users\yytang\Downloads\flac-1.3.2\objs\Debug\lib\grabbag_static.lib"
         "C:\Users\yytang\Downloads\flac-1.3.2\objs\Debug\lib\replaygain_synthesis_static.lib"
         "C:\Users\yytang\Downloads\flac-1.3.2\objs\Debug\lib\utf8_static.lib"
         "C:\Users\yytang\Downloads\flac-1.3.2\objs\Debug\lib\win_utf8_io_static.lib"
         flac.vcxproj -> C:\Users\yytang\Downloads\flac-1.3.2\objs\Debug\bin\flac.exe
     1>已完成生成项目“C:\Users\yytang\Downloads\flac-1.3.2\src\flac\flac.vcxproj”(Build 个目标)的操作。

生成成功。

已用时间 00:00:02.95
