生成启动时间为 2017/4/20 10:35:02。
     1>项目“C:\Users\yytang\Downloads\flac-1.3.2\src\libFLAC\libFLAC_static.vcxproj”在节点 2 上(Rebuild 个目标)。
     1>CustomBuild:
         Performing Custom Build Tools
         Performing Custom Build Tools
         Performing Custom Build Tools
       ClCompile:
         C:\Program Files (x86)\Microsoft Visual Studio 12.0\VC\bin\CL.exe /c /I.\include /I..\..\include /Zi /nologo /W3 /WX- /O2 /Oi /Ot /Oy /GL /D WIN32 /D NDEBUG /D _LIB /D FLAC__HAS_OGG /D FLAC__CPU_IA32 /D FLAC__HAS_NASM /D FLAC__HAS_X86INTRIN /D FLAC__ALIGN_MALLOC_DATA /D "PACKAGE_VERSION=\"1.3.2\"" /D FLAC__NO_DLL /D FLaC__INLINE=_inline /Gm- /EHsc /MT /GS- /fp:fast /Zc:wchar_t /Zc:forScope /Fo"Release\\" /Fd"Release\vc120.pdb" /Gd /TC /wd4267 /wd4996 /analyze- /errorReport:prompt /D "_USE_MATH_DEFINES" bitmath.c bitreader.c bitwriter.c cpu.c crc.c fixed.c fixed_intrin_sse2.c fixed_intrin_ssse3.c float.c format.c lpc.c lpc_intrin_sse.c lpc_intrin_sse2.c lpc_intrin_sse41.c md5.c memory.c metadata_iterators.c metadata_object.c ogg_decoder_aspect.c ogg_encoder_aspect.c ogg_helper.c ogg_mapping.c stream_decoder.c stream_encoder.c stream_encoder_framing.c stream_encoder_intrin_sse2.c stream_encoder_intrin_ssse3.c window.c windows_unicode_filenames.c
         bitmath.c
         bitreader.c
         bitwriter.c
         cpu.c
         crc.c
         fixed.c
         fixed_intrin_sse2.c
         fixed_intrin_ssse3.c
         float.c
         format.c
         lpc.c
         lpc_intrin_sse.c
         lpc_intrin_sse2.c
         lpc_intrin_sse41.c
         md5.c
         memory.c
         metadata_iterators.c
     1>metadata_iterators.c(579): warning C4244: “return”: 从“const __int64”转换到“off_t”，可能丢失数据
     1>metadata_iterators.c(1117): warning C4244: “+=”: 从“const __int64”转换到“unsigned int”，可能丢失数据
     1>metadata_iterators.c(1129): warning C4244: “=”: 从“__int64”转换到“unsigned int”，可能丢失数据
     1>metadata_iterators.c(1152): warning C4244: “-=”: 从“const __int64”转换到“unsigned int”，可能丢失数据
     1>metadata_iterators.c(1647): warning C4244: “=”: 从“__int64”转换到“unsigned int”，可能丢失数据
     1>metadata_iterators.c(1652): warning C4244: “=”: 从“__int64”转换到“unsigned int”，可能丢失数据
     1>metadata_iterators.c(1666): warning C4244: “=”: 从“const __int64”转换到“unsigned int”，可能丢失数据
         metadata_object.c
     1>metadata_object.c(1127): warning C4244: “=”: 从“FLAC__uint64”转换到“unsigned int”，可能丢失数据
         ogg_decoder_aspect.c
         ogg_encoder_aspect.c
         正在编译...
         ogg_helper.c
         ogg_mapping.c
         stream_decoder.c
         stream_encoder.c
         stream_encoder_framing.c
         stream_encoder_intrin_sse2.c
         stream_encoder_intrin_ssse3.c
         window.c
         windows_unicode_filenames.c
         C:\Program Files (x86)\Microsoft Visual Studio 12.0\VC\bin\CL.exe /c /I.\include /I..\..\include /Zi /nologo /W3 /WX- /O2 /Oi /Ot /Oy /GL /D WIN32 /D NDEBUG /D _LIB /D FLAC__HAS_OGG /D FLAC__CPU_IA32 /D FLAC__HAS_NASM /D FLAC__HAS_X86INTRIN /D FLAC__ALIGN_MALLOC_DATA /D "PACKAGE_VERSION=\"1.3.2\"" /D FLAC__NO_DLL /D FLaC__INLINE=_inline /Gm- /EHsc /MT /GS- /fp:fast /Zc:wchar_t /Zc:forScope /Fo"Release\\" /Fd"Release\vc120.pdb" /Gd /TC /wd4267 /wd4996 /analyze- /errorReport:prompt /arch:AVX /D "_USE_MATH_DEFINES" lpc_intrin_avx2.c stream_encoder_intrin_avx2.c
         lpc_intrin_avx2.c
         stream_encoder_intrin_avx2.c
       Lib:
         C:\Program Files (x86)\Microsoft Visual Studio 12.0\VC\bin\Lib.exe /OUT:"C:\Users\yytang\Downloads\flac-1.3.2\objs\Release\lib\libFLAC_static.lib" /NOLOGO /LTCG ia32/cpu_asm.obj
         ia32/fixed_asm.obj
         ia32/lpc_asm.obj
         Release\bitmath.obj
         Release\bitreader.obj
         Release\bitwriter.obj
         Release\cpu.obj
         Release\crc.obj
         Release\fixed.obj
         Release\fixed_intrin_sse2.obj
         Release\fixed_intrin_ssse3.obj
         Release\float.obj
         Release\format.obj
         Release\lpc.obj
         Release\lpc_intrin_avx2.obj
         Release\lpc_intrin_sse.obj
         Release\lpc_intrin_sse2.obj
         Release\lpc_intrin_sse41.obj
         Release\md5.obj
         Release\memory.obj
         Release\metadata_iterators.obj
         Release\metadata_object.obj
         Release\ogg_decoder_aspect.obj
         Release\ogg_encoder_aspect.obj
         Release\ogg_helper.obj
         Release\ogg_mapping.obj
         Release\stream_decoder.obj
         Release\stream_encoder.obj
         Release\stream_encoder_framing.obj
         Release\stream_encoder_intrin_avx2.obj
         Release\stream_encoder_intrin_sse2.obj
         Release\stream_encoder_intrin_ssse3.obj
         Release\window.obj
         Release\windows_unicode_filenames.obj
         libFLAC_static.vcxproj -> C:\Users\yytang\Downloads\flac-1.3.2\objs\Release\lib\libFLAC_static.lib
     1>已完成生成项目“C:\Users\yytang\Downloads\flac-1.3.2\src\libFLAC\libFLAC_static.vcxproj”(Rebuild 个目标)的操作。

生成成功。

已用时间 00:00:06.72
