c:\users\yytang\downloads\flac-1.3.2\src\libflac\release\vc120.pdb
c:\users\yytang\downloads\flac-1.3.2\src\libflac\release\ogg_encoder_aspect.obj
c:\users\yytang\downloads\flac-1.3.2\src\libflac\release\ogg_decoder_aspect.obj
c:\users\yytang\downloads\flac-1.3.2\src\libflac\release\metadata_object.obj
c:\users\yytang\downloads\flac-1.3.2\src\libflac\release\metadata_iterators.obj
c:\users\yytang\downloads\flac-1.3.2\src\libflac\release\memory.obj
c:\users\yytang\downloads\flac-1.3.2\src\libflac\release\md5.obj
c:\users\yytang\downloads\flac-1.3.2\src\libflac\release\lpc_intrin_sse41.obj
c:\users\yytang\downloads\flac-1.3.2\src\libflac\release\lpc_intrin_sse2.obj
c:\users\yytang\downloads\flac-1.3.2\src\libflac\release\lpc_intrin_sse.obj
c:\users\yytang\downloads\flac-1.3.2\src\libflac\release\lpc.obj
c:\users\yytang\downloads\flac-1.3.2\src\libflac\release\format.obj
c:\users\yytang\downloads\flac-1.3.2\src\libflac\release\float.obj
c:\users\yytang\downloads\flac-1.3.2\src\libflac\release\fixed_intrin_ssse3.obj
c:\users\yytang\downloads\flac-1.3.2\src\libflac\release\fixed_intrin_sse2.obj
c:\users\yytang\downloads\flac-1.3.2\src\libflac\release\fixed.obj
c:\users\yytang\downloads\flac-1.3.2\src\libflac\release\crc.obj
c:\users\yytang\downloads\flac-1.3.2\src\libflac\release\cpu.obj
c:\users\yytang\downloads\flac-1.3.2\src\libflac\release\bitwriter.obj
c:\users\yytang\downloads\flac-1.3.2\src\libflac\release\bitreader.obj
c:\users\yytang\downloads\flac-1.3.2\src\libflac\release\bitmath.obj
c:\users\yytang\downloads\flac-1.3.2\src\libflac\release\windows_unicode_filenames.obj
c:\users\yytang\downloads\flac-1.3.2\src\libflac\release\window.obj
c:\users\yytang\downloads\flac-1.3.2\src\libflac\release\stream_encoder_intrin_ssse3.obj
c:\users\yytang\downloads\flac-1.3.2\src\libflac\release\stream_encoder_intrin_sse2.obj
c:\users\yytang\downloads\flac-1.3.2\src\libflac\release\stream_encoder_framing.obj
c:\users\yytang\downloads\flac-1.3.2\src\libflac\release\stream_encoder.obj
c:\users\yytang\downloads\flac-1.3.2\src\libflac\release\stream_decoder.obj
c:\users\yytang\downloads\flac-1.3.2\src\libflac\release\ogg_mapping.obj
c:\users\yytang\downloads\flac-1.3.2\src\libflac\release\ogg_helper.obj
c:\users\yytang\downloads\flac-1.3.2\src\libflac\release\stream_encoder_intrin_avx2.obj
c:\users\yytang\downloads\flac-1.3.2\src\libflac\release\lpc_intrin_avx2.obj
c:\users\yytang\downloads\flac-1.3.2\src\libflac\ia32\cpu_asm.obj
c:\users\yytang\downloads\flac-1.3.2\src\libflac\ia32\fixed_asm.obj
c:\users\yytang\downloads\flac-1.3.2\src\libflac\ia32\lpc_asm.obj
c:\users\yytang\downloads\flac-1.3.2\objs\release\lib\libflac_static.lib
c:\users\yytang\downloads\flac-1.3.2\src\libflac\release\libflac_static.tlog\cl.command.1.tlog
c:\users\yytang\downloads\flac-1.3.2\src\libflac\release\libflac_static.tlog\cl.read.1.tlog
c:\users\yytang\downloads\flac-1.3.2\src\libflac\release\libflac_static.tlog\cl.write.1.tlog
c:\users\yytang\downloads\flac-1.3.2\src\libflac\release\libflac_static.tlog\custombuild.command.1.tlog
c:\users\yytang\downloads\flac-1.3.2\src\libflac\release\libflac_static.tlog\custombuild.read.1.tlog
c:\users\yytang\downloads\flac-1.3.2\src\libflac\release\libflac_static.tlog\custombuild.write.1.tlog
c:\users\yytang\downloads\flac-1.3.2\src\libflac\release\libflac_static.tlog\lib-link.read.1.tlog
c:\users\yytang\downloads\flac-1.3.2\src\libflac\release\libflac_static.tlog\lib-link.write.1.tlog
c:\users\yytang\downloads\flac-1.3.2\src\libflac\release\libflac_static.tlog\lib.command.1.tlog
